# JRE version: OpenJDK Runtime Environment Temurin-17.0.5+8 (17.0.5+8) (build 17.0.5+8)
# Java VM: OpenJDK 64-Bit Server VM Temurin-17.0.5+8 (17.0.5+8, mixed mode, emulated-client, tiered, compressed oops, compressed class ptrs, g1 gc, windows-amd64)
GC Precious Log:
 CPUs: 4 total, 4 available
 Memory: 6092M
 Large Page Support: Disabled
 NUMA Support: Disabled
 Compressed Oops: Enabled (32-bit)
 Heap Region Size: 1M
 Heap Min Capacity: 8M
 Heap Initial Capacity: 96M
 Heap Max Capacity: 1524M
 Pre-touch: Disabled
 Parallel Workers: 4
 Concurrent Workers: 1
 Concurrent Refinement Workers: 4
 Periodic GC: Disabled
Heap:
 garbage-first heap   total 270336K, used 101850K [0x00000000a0c00000, 0x0000000100000000)
  region size 1024K, 6 young (6144K), 2 survivors (2048K)
 Metaspace       used 69344K, committed 69888K, reserved 1114112K
  class space    used 9411K, committed 9664K, reserved 1048576K
GC Heap History (20 events):
Event: 1344.474 GC heap after
{Heap after GC invocations=197 (full 53):
 garbage-first heap   total 270336K, used 91972K [0x00000000a0c00000, 0x0000000100000000)
  region size 1024K, 2 young (2048K), 2 survivors (2048K)
 Metaspace       used 69344K, committed 69888K, reserved 1114112K
  class space    used 9411K, committed 9664K, reserved 1048576K
}
Event: 1354.081 GC heap before
{Heap before GC invocations=197 (full 53):
 garbage-first heap   total 270336K, used 229188K [0x00000000a0c00000, 0x0000000100000000)
  region size 1024K, 136 young (139264K), 2 survivors (2048K)
 Metaspace       used 69344K, committed 69888K, reserved 1114112K
  class space    used 9411K, committed 9664K, reserved 1048576K
}
Event: 1354.090 GC heap after
{Heap after GC invocations=198 (full 53):
 garbage-first heap   total 270336K, used 100652K [0x00000000a0c00000, 0x0000000100000000)
  region size 1024K, 11 young (11264K), 11 survivors (11264K)
 Metaspace       used 69344K, committed 69888K, reserved 1114112K
  class space    used 9411K, committed 9664K, reserved 1048576K
}
Event: 1357.028 GC heap before
{Heap before GC invocations=198 (full 53):
 garbage-first heap   total 270336K, used 223532K [0x00000000a0c00000, 0x0000000100000000)
  region size 1024K, 131 young (134144K), 11 survivors (11264K)
 Metaspace       used 69344K, committed 69888K, reserved 1114112K
  class space    used 9411K, committed 9664K, reserved 1048576K
}
Event: 1357.034 GC heap after
{Heap after GC invocations=199 (full 53):
 garbage-first heap   total 270336K, used 98561K [0x00000000a0c00000, 0x0000000100000000)
  region size 1024K, 6 young (6144K), 6 survivors (6144K)
 Metaspace       used 69344K, committed 69888K, reserved 1114112K
  class space    used 9411K, committed 9664K, reserved 1048576K
}
Event: 1362.323 GC heap before
{Heap before GC invocations=199 (full 53):
 garbage-first heap   total 270336K, used 224513K [0x00000000a0c00000, 0x0000000100000000)
  region size 1024K, 129 young (132096K), 6 survivors (6144K)
 Metaspace       used 69344K, committed 69888K, reserved 1114112K
  class space    used 9411K, committed 9664K, reserved 1048576K
}
Event: 1362.325 GC heap after
{Heap after GC invocations=200 (full 53):
 garbage-first heap   total 270336K, used 94906K [0x00000000a0c00000, 0x0000000100000000)
  region size 1024K, 2 young (2048K), 2 survivors (2048K)
 Metaspace       used 69344K, committed 69888K, reserved 1114112K
  class space    used 9411K, committed 9664K, reserved 1048576K
}
Event: 1364.360 GC heap before
{Heap before GC invocations=201 (full 53):
 garbage-first heap   total 270336K, used 224954K [0x00000000a0c00000, 0x0000000100000000)
  region size 1024K, 131 young (134144K), 2 survivors (2048K)
 Metaspace       used 69344K, committed 69888K, reserved 1114112K
  class space    used 9411K, committed 9664K, reserved 1048576K
}
Event: 1364.365 GC heap after
{Heap after GC invocations=202 (full 53):
 garbage-first heap   total 270336K, used 96226K [0x00000000a0c00000, 0x0000000100000000)
  region size 1024K, 6 young (6144K), 6 survivors (6144K)
 Metaspace       used 69344K, committed 69888K, reserved 1114112K
  class space    used 9411K, committed 9664K, reserved 1048576K
}
Event: 1364.381 GC heap before
{Heap before GC invocations=202 (full 53):
 garbage-first heap   total 270336K, used 103394K [0x00000000a0c00000, 0x0000000100000000)
  region size 1024K, 13 young (13312K), 6 survivors (6144K)
 Metaspace       used 69344K, committed 69888K, reserved 1114112K
  class space    used 9411K, committed 9664K, reserved 1048576K
}
Event: 1364.386 GC heap after
{Heap after GC invocations=203 (full 53):
 garbage-first heap   total 270336K, used 91321K [0x00000000a0c00000, 0x0000000100000000)
  region size 1024K, 2 young (2048K), 2 survivors (2048K)
 Metaspace       used 69344K, committed 69888K, reserved 1114112K
  class space    used 9411K, committed 9664K, reserved 1048576K
}
Event: 1367.300 GC heap before
{Heap before GC invocations=203 (full 53):
 garbage-first heap   total 270336K, used 226489K [0x00000000a0c00000, 0x0000000100000000)
  region size 1024K, 134 young (137216K), 2 survivors (2048K)
 Metaspace       used 69344K, committed 69888K, reserved 1114112K
  class space    used 9411K, committed 9664K, reserved 1048576K
}
Event: 1367.304 GC heap after
{Heap after GC invocations=204 (full 53):
 garbage-first heap   total 270336K, used 93851K [0x00000000a0c00000, 0x0000000100000000)
  region size 1024K, 4 young (4096K), 4 survivors (4096K)
 Metaspace       used 69344K, committed 69888K, reserved 1114112K
  class space    used 9411K, committed 9664K, reserved 1048576K
}
Event: 1369.019 GC heap before
{Heap before GC invocations=204 (full 53):
 garbage-first heap   total 270336K, used 227995K [0x00000000a0c00000, 0x0000000100000000)
  region size 1024K, 135 young (138240K), 4 survivors (4096K)
 Metaspace       used 69344K, committed 69888K, reserved 1114112K
  class space    used 9411K, committed 9664K, reserved 1048576K
}
Event: 1369.022 GC heap after
{Heap after GC invocations=205 (full 53):
 garbage-first heap   total 270336K, used 93924K [0x00000000a0c00000, 0x0000000100000000)
  region size 1024K, 4 young (4096K), 4 survivors (4096K)
 Metaspace       used 69344K, committed 69888K, reserved 1114112K
  class space    used 9411K, committed 9664K, reserved 1048576K
}
Event: 1372.728 GC heap before
{Heap before GC invocations=205 (full 53):
 garbage-first heap   total 270336K, used 228068K [0x00000000a0c00000, 0x0000000100000000)
  region size 1024K, 136 young (139264K), 4 survivors (4096K)
 Metaspace       used 69344K, committed 69888K, reserved 1114112K
  class space    used 9411K, committed 9664K, reserved 1048576K
}
Event: 1372.735 GC heap after
{Heap after GC invocations=206 (full 53):
 garbage-first heap   total 270336K, used 98768K [0x00000000a0c00000, 0x0000000100000000)
  region size 1024K, 9 young (9216K), 9 survivors (9216K)
 Metaspace       used 69344K, committed 69888K, reserved 1114112K
  class space    used 9411K, committed 9664K, reserved 1048576K
}
Event: 1374.123 GC heap before
{Heap before GC invocations=207 (full 53):
 garbage-first heap   total 270336K, used 225744K [0x00000000a0c00000, 0x0000000100000000)
  region size 1024K, 134 young (137216K), 9 survivors (9216K)
 Metaspace       used 69344K, committed 69888K, reserved 1114112K
  class space    used 9411K, committed 9664K, reserved 1048576K
}
Event: 1374.130 GC heap after
{Heap after GC invocations=208 (full 53):
 garbage-first heap   total 270336K, used 97754K [0x00000000a0c00000, 0x0000000100000000)
  region size 1024K, 9 young (9216K), 9 survivors (9216K)
 Metaspace       used 69344K, committed 69888K, reserved 1114112K
  class space    used 9411K, committed 9664K, reserved 1048576K
}
Event: 1374.514 GC heap before
{Heap before GC invocations=208 (full 53):
 garbage-first heap   total 270336K, used 101850K [0x00000000a0c00000, 0x0000000100000000)
  region size 1024K, 13 young (13312K), 9 survivors (9216K)
 Metaspace       used 69344K, committed 69888K, reserved 1114112K
  class space    used 9411K, committed 9664K, reserved 1048576K
}

